Using pre-set license
Built from '2021.1/release' branch; Version is '2021.1.4f1 (4cd64a618c1b) revision 5035594'; Using compiler version '192528614'; Build Type 'Release'
OS: 'Windows 10 Home Single Language; OS build 19042.1237; Version 2009; 64bit' Language: 'ru' Physical Memory: 8124 MB
BatchMode: 1, IsHumanControllingUs: 0, StartBugReporterOnCrash: 0, Is64bit: 1, IsPro: 0

 COMMAND LINE ARGUMENTS:
D:\Unity\2021.1.4f1\Editor\Unity.exe
-adb2
-batchMode
-noUpm
-name
AssetImportWorker0
-projectPath
D:/UnityProjects/Lessons1
-logFile
Logs/AssetImportWorker0.log
-srvPort
56630
Successfully changed project path to: D:/UnityProjects/Lessons1
D:/UnityProjects/Lessons1
Using Asset Import Pipeline V2.
Refreshing native plugins compatible for Editor in 176.91 ms, found 1 plugins.
Preloading 0 native plugins for Editor in 0.00 ms.
Initialize engine version: 2021.1.4f1 (4cd64a618c1b)
[Subsystems] Discovering subsystems at path D:/Unity/2021.1.4f1/Editor/Data/Resources/UnitySubsystems
[Subsystems] Discovering subsystems at path D:/UnityProjects/Lessons1/Assets
GfxDevice: creating device client; threaded=0; jobified=0
Direct3D:
    Version:  Direct3D 11.0 [level 11.0]
    Renderer: NVIDIA GeForce GTX 750 (ID=0x1381)
    Vendor:   NVIDIA
    VRAM:     2007 MB
    Driver:   30.0.14.7196
Initialize mono
Mono path[0] = 'D:/Unity/2021.1.4f1/Editor/Data/Managed'
Mono path[1] = 'D:/Unity/2021.1.4f1/Editor/Data/MonoBleedingEdge/lib/mono/unityjit'
Mono config path = 'D:/Unity/2021.1.4f1/Editor/Data/MonoBleedingEdge/etc'
Using monoOptions --debugger-agent=transport=dt_socket,embedding=1,server=y,suspend=n,address=127.0.0.1:56852
Begin MonoManager ReloadAssembly
Registering precompiled unity dll's ...
Register platform support module: D:/Unity/2021.1.4f1/Editor/Data/PlaybackEngines/WebGLSupport/UnityEditor.WebGL.Extensions.dll
Register platform support module: D:/Unity/2021.1.4f1/Editor/Data/PlaybackEngines/WindowsStandaloneSupport/UnityEditor.WindowsStandalone.Extensions.dll
Registered in 0.047130 seconds.
Native extension for WindowsStandalone target not found
Native extension for WebGL target not found
Refreshing native plugins compatible for Editor in 80.28 ms, found 1 plugins.
Preloading 0 native plugins for Editor in 0.00 ms.
Mono: successfully reloaded assembly
- Completed reload, in  1.374 seconds
Platform modules already initialized, skipping
Registering precompiled user dll's ...
Registered in 0.010653 seconds.
Begin MonoManager ReloadAssembly
Native extension for WindowsStandalone target not found
Native extension for WebGL target not found
Refreshing native plugins compatible for Editor in 0.70 ms, found 1 plugins.
Preloading 0 native plugins for Editor in 0.00 ms.
Mono: successfully reloaded assembly
- Completed reload, in  1.123 seconds
Platform modules already initialized, skipping
========================================================================
Worker process is ready to serve import requests
Launched and connected shader compiler UnityShaderCompiler.exe after 0.05 seconds
Refreshing native plugins compatible for Editor in 0.58 ms, found 1 plugins.
Preloading 0 native plugins for Editor in 0.00 ms.
Unloading 2666 Unused Serialized files (Serialized files now loaded: 0)
System memory in use before: 98.2 MB.
System memory in use after: 98.4 MB.

Unloading 15 unused Assets to reduce memory usage. Loaded Objects now: 3118.
Total: 3.543000 ms (FindLiveObjects: 0.353300 ms CreateObjectMapping: 0.310700 ms MarkObjects: 2.765500 ms  DeleteObjects: 0.111800 ms)

========================================================================
Received Import Request.
  path: Assets/HelloWorld.cs
  artifactKey: Guid(0898ac39144a3d7498b29fddd33e3a21) Importer(815301076,1909f56bfc062723c751e8b465ee728b)
Start importing Assets/HelloWorld.cs using Guid(0898ac39144a3d7498b29fddd33e3a21) Importer(815301076,1909f56bfc062723c751e8b465ee728b)  -> (artifact id: '7b683a6b0fe31587515ce44c876c3341') in 0.108775 seconds 
========================================================================
Received Prepare
Registering precompiled user dll's ...
Registered in 0.002608 seconds.
Begin MonoManager ReloadAssembly
Native extension for WindowsStandalone target not found
Native extension for WebGL target not found
Refreshing native plugins compatible for Editor in 0.56 ms, found 1 plugins.
Preloading 0 native plugins for Editor in 0.00 ms.
Mono: successfully reloaded assembly
- Completed reload, in  1.359 seconds
Platform modules already initialized, skipping
Refreshing native plugins compatible for Editor in 0.80 ms, found 1 plugins.
Preloading 0 native plugins for Editor in 0.00 ms.
Unloading 2661 Unused Serialized files (Serialized files now loaded: 0)
System memory in use before: 98.2 MB.
System memory in use after: 98.4 MB.

Unloading 10 unused Assets to reduce memory usage. Loaded Objects now: 3121.
Total: 2.539800 ms (FindLiveObjects: 0.340800 ms CreateObjectMapping: 0.223400 ms MarkObjects: 1.885500 ms  DeleteObjects: 0.089000 ms)

========================================================================
Received Prepare
Registering precompiled user dll's ...
Registered in 0.002553 seconds.
Begin MonoManager ReloadAssembly
Native extension for WindowsStandalone target not found
Native extension for WebGL target not found
Refreshing native plugins compatible for Editor in 0.85 ms, found 1 plugins.
Preloading 0 native plugins for Editor in 0.00 ms.
Mono: successfully reloaded assembly
- Completed reload, in  1.179 seconds
Platform modules already initialized, skipping
Refreshing native plugins compatible for Editor in 0.74 ms, found 1 plugins.
Preloading 0 native plugins for Editor in 0.00 ms.
Unloading 2661 Unused Serialized files (Serialized files now loaded: 0)
System memory in use before: 98.2 MB.
System memory in use after: 98.4 MB.

Unloading 10 unused Assets to reduce memory usage. Loaded Objects now: 3124.
Total: 2.799500 ms (FindLiveObjects: 0.321500 ms CreateObjectMapping: 0.372200 ms MarkObjects: 2.047500 ms  DeleteObjects: 0.056900 ms)

========================================================================
Received Prepare
Registering precompiled user dll's ...
Registered in 0.002764 seconds.
Begin MonoManager ReloadAssembly
Native extension for WindowsStandalone target not found
Native extension for WebGL target not found
Refreshing native plugins compatible for Editor in 0.68 ms, found 1 plugins.
Preloading 0 native plugins for Editor in 0.00 ms.
Mono: successfully reloaded assembly
- Completed reload, in  1.070 seconds
Platform modules already initialized, skipping
Refreshing native plugins compatible for Editor in 0.57 ms, found 1 plugins.
Preloading 0 native plugins for Editor in 0.00 ms.
Unloading 2661 Unused Serialized files (Serialized files now loaded: 0)
System memory in use before: 98.2 MB.
System memory in use after: 98.4 MB.

Unloading 10 unused Assets to reduce memory usage. Loaded Objects now: 3127.
Total: 2.872900 ms (FindLiveObjects: 0.373200 ms CreateObjectMapping: 0.317300 ms MarkObjects: 2.121000 ms  DeleteObjects: 0.060300 ms)

========================================================================
Received Import Request.
  Time since last request: 886.119626 seconds.
  path: Assets/HelloWorld.cs
  artifactKey: Guid(0898ac39144a3d7498b29fddd33e3a21) Importer(815301076,1909f56bfc062723c751e8b465ee728b)
Start importing Assets/HelloWorld.cs using Guid(0898ac39144a3d7498b29fddd33e3a21) Importer(815301076,1909f56bfc062723c751e8b465ee728b)  -> (artifact id: 'f515f2af2dbc2636b06261341ea69c8a') in 0.009890 seconds 
========================================================================
Received Import Request.
  Time since last request: 10.668152 seconds.
  path: Assets/Directional Light.cs
  artifactKey: Guid(5d83cc0b4b72e4045b807dc35028afc3) Importer(815301076,1909f56bfc062723c751e8b465ee728b)
Start importing Assets/Directional Light.cs using Guid(5d83cc0b4b72e4045b807dc35028afc3) Importer(815301076,1909f56bfc062723c751e8b465ee728b)  -> (artifact id: '6ef8094a31a3717130ce7db4f5cd75ac') in 0.008417 seconds 
========================================================================
Received Prepare
Registering precompiled user dll's ...
Registered in 0.003760 seconds.
Begin MonoManager ReloadAssembly
Native extension for WindowsStandalone target not found
Native extension for WebGL target not found
Refreshing native plugins compatible for Editor in 0.72 ms, found 1 plugins.
Preloading 0 native plugins for Editor in 0.00 ms.
Mono: successfully reloaded assembly
- Completed reload, in  1.174 seconds
Platform modules already initialized, skipping
Refreshing native plugins compatible for Editor in 0.65 ms, found 1 plugins.
Preloading 0 native plugins for Editor in 0.00 ms.
Unloading 2662 Unused Serialized files (Serialized files now loaded: 0)
System memory in use before: 98.3 MB.
System memory in use after: 98.5 MB.

Unloading 10 unused Assets to reduce memory usage. Loaded Objects now: 3131.
Total: 2.245600 ms (FindLiveObjects: 0.249600 ms CreateObjectMapping: 0.136900 ms MarkObjects: 1.798900 ms  DeleteObjects: 0.059000 ms)

========================================================================
Received Prepare
Registering precompiled user dll's ...
Registered in 0.002475 seconds.
Begin MonoManager ReloadAssembly
Native extension for WindowsStandalone target not found
Native extension for WebGL target not found
Refreshing native plugins compatible for Editor in 0.57 ms, found 1 plugins.
Preloading 0 native plugins for Editor in 0.00 ms.
Mono: successfully reloaded assembly
- Completed reload, in  1.043 seconds
Platform modules already initialized, skipping
Refreshing native plugins compatible for Editor in 0.60 ms, found 1 plugins.
Preloading 0 native plugins for Editor in 0.00 ms.
Unloading 2662 Unused Serialized files (Serialized files now loaded: 0)
System memory in use before: 98.3 MB.
System memory in use after: 98.5 MB.

Unloading 10 unused Assets to reduce memory usage. Loaded Objects now: 3134.
Total: 2.384200 ms (FindLiveObjects: 0.238800 ms CreateObjectMapping: 0.130900 ms MarkObjects: 1.943300 ms  DeleteObjects: 0.070000 ms)

========================================================================
Received Prepare
Registering precompiled user dll's ...
Registered in 0.003012 seconds.
Begin MonoManager ReloadAssembly
Native extension for WindowsStandalone target not found
Native extension for WebGL target not found
Refreshing native plugins compatible for Editor in 0.60 ms, found 1 plugins.
Preloading 0 native plugins for Editor in 0.00 ms.
Mono: successfully reloaded assembly
- Completed reload, in  1.066 seconds
Platform modules already initialized, skipping
Refreshing native plugins compatible for Editor in 0.61 ms, found 1 plugins.
Preloading 0 native plugins for Editor in 0.00 ms.
Unloading 2662 Unused Serialized files (Serialized files now loaded: 0)
System memory in use before: 98.3 MB.
System memory in use after: 98.5 MB.

Unloading 10 unused Assets to reduce memory usage. Loaded Objects now: 3137.
Total: 3.117100 ms (FindLiveObjects: 0.326100 ms CreateObjectMapping: 0.268200 ms MarkObjects: 2.447800 ms  DeleteObjects: 0.073300 ms)

========================================================================
Received Import Request.
  Time since last request: 549.973624 seconds.
  path: Assets/Directional Light.prefab
  artifactKey: Guid(27cd81f0209fb3348a92406e604a71ad) Importer(815301076,1909f56bfc062723c751e8b465ee728b)
Start importing Assets/Directional Light.prefab using Guid(27cd81f0209fb3348a92406e604a71ad) Importer(815301076,1909f56bfc062723c751e8b465ee728b)  -> (artifact id: '2071ec399db2e43b8a60141e71c9b377') in 0.083855 seconds 
========================================================================
Received Import Request.
  Time since last request: 611.467472 seconds.
  path: Assets/Directional Light.cs
  artifactKey: Guid(5d83cc0b4b72e4045b807dc35028afc3) Importer(815301076,1909f56bfc062723c751e8b465ee728b)
Start importing Assets/Directional Light.cs using Guid(5d83cc0b4b72e4045b807dc35028afc3) Importer(815301076,1909f56bfc062723c751e8b465ee728b)  -> (artifact id: 'da23ee810c7bc50d78f25b1b10330025') in 0.003183 seconds 
========================================================================
Received Import Request.
  Time since last request: 0.305328 seconds.
  path: Assets/Scenes
  artifactKey: Guid(4fecaf0e60694c042a102c493198f2f7) Importer(815301076,1909f56bfc062723c751e8b465ee728b)
Start importing Assets/Scenes using Guid(4fecaf0e60694c042a102c493198f2f7) Importer(815301076,1909f56bfc062723c751e8b465ee728b)  -> (artifact id: 'ec9e11ec527db0a84b5f95d153eca2ad') in 0.014195 seconds 
========================================================================
Received Import Request.
  Time since last request: 9.654275 seconds.
  path: Assets/DirectionalLight.cs
  artifactKey: Guid(5d83cc0b4b72e4045b807dc35028afc3) Importer(815301076,1909f56bfc062723c751e8b465ee728b)
Start importing Assets/DirectionalLight.cs using Guid(5d83cc0b4b72e4045b807dc35028afc3) Importer(815301076,1909f56bfc062723c751e8b465ee728b)  -> (artifact id: '95b70206a1a3a5a08ca893f63748be5e') in 0.015345 seconds 
========================================================================
Received Prepare
Registering precompiled user dll's ...
Registered in 0.002495 seconds.
Begin MonoManager ReloadAssembly
Native extension for WindowsStandalone target not found
Native extension for WebGL target not found
Refreshing native plugins compatible for Editor in 0.59 ms, found 1 plugins.
Preloading 0 native plugins for Editor in 0.00 ms.
Mono: successfully reloaded assembly
- Completed reload, in  1.026 seconds
Platform modules already initialized, skipping
Refreshing native plugins compatible for Editor in 0.76 ms, found 1 plugins.
Preloading 0 native plugins for Editor in 0.00 ms.
Unloading 2662 Unused Serialized files (Serialized files now loaded: 0)
System memory in use before: 98.3 MB.
System memory in use after: 98.5 MB.

Unloading 10 unused Assets to reduce memory usage. Loaded Objects now: 3140.
Total: 2.930000 ms (FindLiveObjects: 0.263900 ms CreateObjectMapping: 0.133600 ms MarkObjects: 2.428600 ms  DeleteObjects: 0.102300 ms)

========================================================================
Received Prepare
Registering precompiled user dll's ...
Registered in 0.002969 seconds.
Begin MonoManager ReloadAssembly
Native extension for WindowsStandalone target not found
Native extension for WebGL target not found
Refreshing native plugins compatible for Editor in 0.57 ms, found 1 plugins.
Preloading 0 native plugins for Editor in 0.00 ms.
Mono: successfully reloaded assembly
- Completed reload, in  1.005 seconds
Platform modules already initialized, skipping
Refreshing native plugins compatible for Editor in 0.63 ms, found 1 plugins.
Preloading 0 native plugins for Editor in 0.00 ms.
Unloading 2662 Unused Serialized files (Serialized files now loaded: 0)
System memory in use before: 98.3 MB.
System memory in use after: 98.5 MB.

Unloading 10 unused Assets to reduce memory usage. Loaded Objects now: 3143.
Total: 2.914900 ms (FindLiveObjects: 0.321100 ms CreateObjectMapping: 0.288800 ms MarkObjects: 2.232400 ms  DeleteObjects: 0.071500 ms)

========================================================================
Received Prepare
Registering precompiled user dll's ...
Registered in 0.002852 seconds.
Begin MonoManager ReloadAssembly
Native extension for WindowsStandalone target not found
Native extension for WebGL target not found
Refreshing native plugins compatible for Editor in 0.59 ms, found 1 plugins.
Preloading 0 native plugins for Editor in 0.00 ms.
Mono: successfully reloaded assembly
- Completed reload, in  1.041 seconds
Platform modules already initialized, skipping
Refreshing native plugins compatible for Editor in 0.73 ms, found 1 plugins.
Preloading 0 native plugins for Editor in 0.00 ms.
Unloading 2662 Unused Serialized files (Serialized files now loaded: 0)
System memory in use before: 98.3 MB.
System memory in use after: 98.5 MB.

Unloading 10 unused Assets to reduce memory usage. Loaded Objects now: 3146.
Total: 2.275800 ms (FindLiveObjects: 0.249600 ms CreateObjectMapping: 0.139000 ms MarkObjects: 1.820700 ms  DeleteObjects: 0.065300 ms)

========================================================================
Received Import Request.
  Time since last request: 136.811279 seconds.
  path: Assets/DirectionalLight.cs
  artifactKey: Guid(5d83cc0b4b72e4045b807dc35028afc3) Importer(815301076,1909f56bfc062723c751e8b465ee728b)
Start importing Assets/DirectionalLight.cs using Guid(5d83cc0b4b72e4045b807dc35028afc3) Importer(815301076,1909f56bfc062723c751e8b465ee728b)  -> (artifact id: '14dea83cd30bed3b489cd4ef8dd36511') in 0.006833 seconds 
========================================================================
Received Import Request.
  Time since last request: 17.157780 seconds.
  path: Assets/Destroy.cs
  artifactKey: Guid(6aa453268f1571249bb6947ee6b39c14) Importer(815301076,1909f56bfc062723c751e8b465ee728b)
Start importing Assets/Destroy.cs using Guid(6aa453268f1571249bb6947ee6b39c14) Importer(815301076,1909f56bfc062723c751e8b465ee728b)  -> (artifact id: '332b09a6a15392723860d26f1519e7e0') in 0.023358 seconds 
========================================================================
Received Prepare
Registering precompiled user dll's ...
Registered in 0.002473 seconds.
Begin MonoManager ReloadAssembly
Native extension for WindowsStandalone target not found
Native extension for WebGL target not found
Refreshing native plugins compatible for Editor in 0.56 ms, found 1 plugins.
Preloading 0 native plugins for Editor in 0.00 ms.
Mono: successfully reloaded assembly
- Completed reload, in  0.999 seconds
Platform modules already initialized, skipping
Refreshing native plugins compatible for Editor in 0.57 ms, found 1 plugins.
Preloading 0 native plugins for Editor in 0.00 ms.
Unloading 2663 Unused Serialized files (Serialized files now loaded: 0)
System memory in use before: 98.3 MB.
System memory in use after: 98.5 MB.

Unloading 10 unused Assets to reduce memory usage. Loaded Objects now: 3150.
Total: 2.477700 ms (FindLiveObjects: 0.247900 ms CreateObjectMapping: 0.136700 ms MarkObjects: 2.030500 ms  DeleteObjects: 0.061400 ms)

========================================================================
Received Import Request.
  Time since last request: 26.731773 seconds.
  path: Assets/Scripts
  artifactKey: Guid(ab813e25c7d9a2c4d983c9bea954b1ff) Importer(815301076,1909f56bfc062723c751e8b465ee728b)
Start importing Assets/Scripts using Guid(ab813e25c7d9a2c4d983c9bea954b1ff) Importer(815301076,1909f56bfc062723c751e8b465ee728b)  -> (artifact id: '4bf8d01f1dc454b1783bcae76b82af17') in 0.015616 seconds 
========================================================================
Received Prepare
Registering precompiled user dll's ...
Registered in 0.002478 seconds.
Begin MonoManager ReloadAssembly
Native extension for WindowsStandalone target not found
Native extension for WebGL target not found
Refreshing native plugins compatible for Editor in 0.59 ms, found 1 plugins.
Preloading 0 native plugins for Editor in 0.00 ms.
Mono: successfully reloaded assembly
- Completed reload, in  1.037 seconds
Platform modules already initialized, skipping
Refreshing native plugins compatible for Editor in 0.60 ms, found 1 plugins.
Preloading 0 native plugins for Editor in 0.00 ms.
Unloading 2663 Unused Serialized files (Serialized files now loaded: 0)
System memory in use before: 98.4 MB.
System memory in use after: 98.6 MB.

Unloading 10 unused Assets to reduce memory usage. Loaded Objects now: 3153.
Total: 2.239100 ms (FindLiveObjects: 0.274700 ms CreateObjectMapping: 0.136400 ms MarkObjects: 1.761100 ms  DeleteObjects: 0.065600 ms)

========================================================================
Received Prepare
Registering precompiled user dll's ...
Registered in 0.002582 seconds.
Begin MonoManager ReloadAssembly
Native extension for WindowsStandalone target not found
Native extension for WebGL target not found
Refreshing native plugins compatible for Editor in 0.60 ms, found 1 plugins.
Preloading 0 native plugins for Editor in 0.00 ms.
Mono: successfully reloaded assembly
- Completed reload, in  1.004 seconds
Platform modules already initialized, skipping
Refreshing native plugins compatible for Editor in 0.68 ms, found 1 plugins.
Preloading 0 native plugins for Editor in 0.00 ms.
Unloading 2663 Unused Serialized files (Serialized files now loaded: 0)
System memory in use before: 98.4 MB.
System memory in use after: 98.6 MB.

Unloading 10 unused Assets to reduce memory usage. Loaded Objects now: 3156.
Total: 2.968700 ms (FindLiveObjects: 0.341500 ms CreateObjectMapping: 0.285300 ms MarkObjects: 2.262100 ms  DeleteObjects: 0.078100 ms)

========================================================================
Received Prepare
Registering precompiled user dll's ...
Registered in 0.002359 seconds.
Begin MonoManager ReloadAssembly
Native extension for WindowsStandalone target not found
Native extension for WebGL target not found
Refreshing native plugins compatible for Editor in 0.63 ms, found 1 plugins.
Preloading 0 native plugins for Editor in 0.00 ms.
Mono: successfully reloaded assembly
- Completed reload, in  1.091 seconds
Platform modules already initialized, skipping
Refreshing native plugins compatible for Editor in 0.56 ms, found 1 plugins.
Preloading 0 native plugins for Editor in 0.00 ms.
Unloading 2663 Unused Serialized files (Serialized files now loaded: 0)
System memory in use before: 98.4 MB.
System memory in use after: 98.6 MB.

Unloading 10 unused Assets to reduce memory usage. Loaded Objects now: 3159.
Total: 3.024100 ms (FindLiveObjects: 0.341100 ms CreateObjectMapping: 0.260300 ms MarkObjects: 2.351700 ms  DeleteObjects: 0.069700 ms)

========================================================================
Received Prepare
Refreshing native plugins compatible for Editor in 2.03 ms, found 1 plugins.
Preloading 0 native plugins for Editor in 0.00 ms.
Unloading 8 Unused Serialized files (Serialized files now loaded: 0)
System memory in use before: 45.7 MB.
System memory in use after: 45.9 MB.

Unloading 8 unused Assets to reduce memory usage. Loaded Objects now: 3159.
Total: 3.195000 ms (FindLiveObjects: 0.297200 ms CreateObjectMapping: 0.132000 ms MarkObjects: 2.654000 ms  DeleteObjects: 0.110700 ms)

AssetImportWorkerClient::OnTransportError - code=2 error=End of file
